
Open log file...
Reading GTF file...
 Excluded codons: Stop Codon starting at position chr10:17062.
 Excluded codons: Stop Codon starting at position chr10:16266.
 Excluded codons: Stop Codon starting at position chr10:16224.
 Excluded codons: Stop Codon starting at position chr10:8874.
 Excluded codons: Stop Codon starting at position chr10:4626.
 Excluded codons: Stop Codon starting at position chr10:19544.
 Excluded codons: Stop Codon starting at position chr10:19556.
 Excluded codons: Stop Codon starting at position chr10:19565.
 Excluded codons: Stop Codon starting at position chr10:19604.
 Excluded codons: Stop Codon starting at position chr10:20097.
 Excluded codons: Stop Codon starting at position chr10:23865.
 Excluded codons: Stop Codon starting at position chr10:23961.
 Excluded codons: Stop Codon starting at position chr10:23991.
 Excluded codons: Stop Codon starting at position chr10:24054.
 Excluded codons: Stop Codon starting at position chr10:24099.
 Excluded codons: Stop Codon starting at position chr10:24177.
 Excluded codons: Stop Codon starting at position chr10:24189.
 Excluded codons: Stop Codon starting at position chr10:24354.
 Excluded codons: Stop Codon starting at position chr10:24387.
 Excluded codons: Stop Codon starting at position chr10:24408.
 Excluded codons: Stop Codon starting at position chr10:24435.
 Excluded codons: Stop Codon starting at position chr10:24447.
 Excluded codons: Stop Codon starting at position chr10:24483.
 Excluded codons: Stop Codon starting at position chr10:24507.
 Excluded codons: Stop Codon starting at position chr10:24573.
 Excluded codons: Stop Codon starting at position chr10:24645.
 Excluded codons: Stop Codon starting at position chr10:24669.
 Excluded codons: Stop Codon starting at position chr10:24693.
 Excluded codons: Stop Codon starting at position chr10:24879.
 Excluded codons: Stop Codon starting at position chr10:25191.
 Excluded codons: Stop Codon starting at position chr10:27106.
 Excluded codons: Stop Codon starting at position chr10:27223.
 Excluded codons: Stop Codon starting at position chr10:27304.
 Excluded codons: Stop Codon starting at position chr10:27325.
 Excluded codons: Stop Codon starting at position chr10:27397.
 Excluded codons: Stop Codon starting at position chr10:27418.
 Excluded codons: Stop Codon starting at position chr10:27445.
 Excluded codons: Stop Codon starting at position chr10:27448.
 Excluded codons: Stop Codon starting at position chr10:27535.
 Excluded codons: Stop Codon starting at position chr10:27544.
 Excluded codons: Stop Codon starting at position chr10:27778.
 Excluded codons: Stop Codon starting at position chr10:29321.
 Excluded codons: Stop Codon starting at position chr10:29348.
 Excluded codons: Stop Codon starting at position chr10:29381.
 Excluded codons: Stop Codon starting at position chr10:32142.
 Excluded codons: Stop Codon starting at position chr10:32190.
 Excluded codons: Stop Codon starting at position chr10:32208.
 Excluded codons: Stop Codon starting at position chr10:33498.
 Excluded codons: Stop Codon starting at position chr10:34387.
 Excluded codons: Stop Codon starting at position chr10:34402.
 Excluded codons: Stop Codon starting at position chr10:34420.
 Excluded codons: Stop Codon starting at position chr10:34435.
 Excluded codons: Stop Codon starting at position chr10:34471.
 Excluded codons: Stop Codon starting at position chr10:34480.
 Excluded codons: Stop Codon starting at position chr10:34990.
 Excluded codons: Stop Codon starting at position chr10:35014.
 Excluded codons: Stop Codon starting at position chr10:37354.
 Excluded codons: Stop Codon starting at position chr10:38606.
 Excluded codons: Stop Codon starting at position chr10:38624.
 Excluded codons: Stop Codon starting at position chr10:42343.
 Excluded codons: Stop Codon starting at position chr10:42397.
 Excluded codons: Stop Codon starting at position chr10:42403.
 Excluded codons: Stop Codon starting at position chr10:42424.
 Excluded codons: Stop Codon starting at position chr10:42436.
 Excluded codons: Stop Codon starting at position chr10:43505.
 Excluded codons: Stop Codon starting at position chr10:43532.
 Excluded codons: Stop Codon starting at position chr10:43568.
Reading GTF file...GFF file Warning: end (115567) is larger than number of total sites (100000). Row 148 not analyzed.
 GFF file Warning: end (115567) is larger than number of total sites (100000). Row 149 not analyzed.
 
 Excluded codons: Stop Codon starting at position chr12:17062.
 Excluded codons: Stop Codon starting at position chr12:16266.
 Excluded codons: Stop Codon starting at position chr12:16224.
 Excluded codons: Stop Codon starting at position chr12:8874.
 Excluded codons: Stop Codon starting at position chr12:4626.
 Excluded codons: Stop Codon starting at position chr12:19544.
 Excluded codons: Stop Codon starting at position chr12:19556.
 Excluded codons: Stop Codon starting at position chr12:19565.
 Excluded codons: Stop Codon starting at position chr12:19604.
 Excluded codons: Stop Codon starting at position chr12:20097.
 Excluded codons: Stop Codon starting at position chr12:23865.
 Excluded codons: Stop Codon starting at position chr12:23961.
 Excluded codons: Stop Codon starting at position chr12:23991.
 Excluded codons: Stop Codon starting at position chr12:24054.
 Excluded codons: Stop Codon starting at position chr12:24099.
 Excluded codons: Stop Codon starting at position chr12:24177.
 Excluded codons: Stop Codon starting at position chr12:24189.
 Excluded codons: Stop Codon starting at position chr12:24354.
 Excluded codons: Stop Codon starting at position chr12:24387.
 Excluded codons: Stop Codon starting at position chr12:24408.
 Excluded codons: Stop Codon starting at position chr12:24435.
 Excluded codons: Stop Codon starting at position chr12:24447.
 Excluded codons: Stop Codon starting at position chr12:24483.
 Excluded codons: Stop Codon starting at position chr12:24507.
 Excluded codons: Stop Codon starting at position chr12:24573.
 Excluded codons: Stop Codon starting at position chr12:24645.
 Excluded codons: Stop Codon starting at position chr12:24669.
 Excluded codons: Stop Codon starting at position chr12:24693.
 Excluded codons: Stop Codon starting at position chr12:24879.
 Excluded codons: Stop Codon starting at position chr12:25191.
 Excluded codons: Stop Codon starting at position chr12:27106.
 Excluded codons: Stop Codon starting at position chr12:27223.
 Excluded codons: Stop Codon starting at position chr12:27304.
 Excluded codons: Stop Codon starting at position chr12:27325.
 Excluded codons: Stop Codon starting at position chr12:27397.
 Excluded codons: Stop Codon starting at position chr12:27418.
 Excluded codons: Stop Codon starting at position chr12:27445.
 Excluded codons: Stop Codon starting at position chr12:27448.
 Excluded codons: Stop Codon starting at position chr12:27535.
 Excluded codons: Stop Codon starting at position chr12:27544.
 Excluded codons: Stop Codon starting at position chr12:27778.
 Excluded codons: Stop Codon starting at position chr12:29321.
 Excluded codons: Stop Codon starting at position chr12:29348.
 Excluded codons: Stop Codon starting at position chr12:29381.
 Excluded codons: Stop Codon starting at position chr12:32142.
 Excluded codons: Stop Codon starting at position chr12:32190.
 Excluded codons: Stop Codon starting at position chr12:32208.
 Excluded codons: Stop Codon starting at position chr12:33498.
 Excluded codons: Stop Codon starting at position chr12:34387.
 Excluded codons: Stop Codon starting at position chr12:34402.
 Excluded codons: Stop Codon starting at position chr12:34420.
 Excluded codons: Stop Codon starting at position chr12:34435.
 Excluded codons: Stop Codon starting at position chr12:34471.
 Excluded codons: Stop Codon starting at position chr12:34480.
 Excluded codons: Stop Codon starting at position chr12:34990.
 Excluded codons: Stop Codon starting at position chr12:35014.
 Excluded codons: Stop Codon starting at position chr12:37354.
 Excluded codons: Stop Codon starting at position chr12:38606.
 Excluded codons: Stop Codon starting at position chr12:38624.
 Excluded codons: Stop Codon starting at position chr12:42343.
 Excluded codons: Stop Codon starting at position chr12:42397.
 Excluded codons: Stop Codon starting at position chr12:42403.
 Excluded codons: Stop Codon starting at position chr12:42424.
 Excluded codons: Stop Codon starting at position chr12:42436.
 Excluded codons: Stop Codon starting at position chr12:43505.
 Excluded codons: Stop Codon starting at position chr12:43532.
 Excluded codons: Stop Codon starting at position chr12:43568.
 Excluded codons: Stop Codon starting at position chr12:59148.
 Excluded codons: Stop Codon starting at position chr12:59154.
 Excluded codons: Stop Codon starting at position chr12:59187.
 Excluded codons: Stop Codon starting at position chr12:60057.
 Excluded codons: Stop Codon starting at position chr12:60072.
 Excluded codons: Stop Codon starting at position chr12:60087.
 Excluded codons: Stop Codon starting at position chr12:61607.
 Excluded codons: Stop Codon starting at position chr12:61622.
 Excluded codons: Stop Codon starting at position chr12:61643.
 Excluded codons: Stop Codon starting at position chr12:85594.
 Excluded codons: Stop Codon starting at position chr12:84252.
 Excluded codons: Stop Codon starting at position chr12:84237.
 Excluded codons: Stop Codon starting at position chr12:84231.
 Excluded codons: Stop Codon starting at position chr12:84165.
 Excluded codons: Stop Codon starting at position chr12:81428.
 Excluded codons: Stop Codon starting at position chr12:81395.
 Excluded codons: Stop Codon starting at position chr12:80894.
 Excluded codons: Stop Codon starting at position chr12:80861.
 Excluded codons: Stop Codon starting at position chr12:77304.
 Excluded codons: Stop Codon starting at position chr12:86477.
 Excluded codons: Stop Codon starting at position chr12:86549.
 Excluded codons: Stop Codon starting at position chr12:92248.
 Excluded codons: Stop Codon starting at position chr12:97710.
 Excluded codons: Stop Codon starting at position chr12:97764.
 Excluded codons: Stop Codon starting at position chr12:97779.
Reading GTF file...GFF file Warning: end (86228) is larger than number of total sites (75000). Row 227 not analyzed.
 GFF file Warning: end (86228) is larger than number of total sites (75000). Row 228 not analyzed.
 
 Excluded codons: Stop Codon starting at position chr14:17062.
 Excluded codons: Stop Codon starting at position chr14:16266.
 Excluded codons: Stop Codon starting at position chr14:16224.
 Excluded codons: Stop Codon starting at position chr14:8874.
 Excluded codons: Stop Codon starting at position chr14:4626.
 Excluded codons: Stop Codon starting at position chr14:19544.
 Excluded codons: Stop Codon starting at position chr14:19556.
 Excluded codons: Stop Codon starting at position chr14:19565.
 Excluded codons: Stop Codon starting at position chr14:19604.
 Excluded codons: Stop Codon starting at position chr14:20097.
 Excluded codons: Stop Codon starting at position chr14:23865.
 Excluded codons: Stop Codon starting at position chr14:23961.
 Excluded codons: Stop Codon starting at position chr14:23991.
 Excluded codons: Stop Codon starting at position chr14:24054.
 Excluded codons: Stop Codon starting at position chr14:24099.
 Excluded codons: Stop Codon starting at position chr14:24177.
 Excluded codons: Stop Codon starting at position chr14:24189.
 Excluded codons: Stop Codon starting at position chr14:24354.
 Excluded codons: Stop Codon starting at position chr14:24387.
 Excluded codons: Stop Codon starting at position chr14:24408.
 Excluded codons: Stop Codon starting at position chr14:24435.
 Excluded codons: Stop Codon starting at position chr14:24447.
 Excluded codons: Stop Codon starting at position chr14:24483.
 Excluded codons: Stop Codon starting at position chr14:24507.
 Excluded codons: Stop Codon starting at position chr14:24573.
 Excluded codons: Stop Codon starting at position chr14:24645.
 Excluded codons: Stop Codon starting at position chr14:24669.
 Excluded codons: Stop Codon starting at position chr14:24693.
 Excluded codons: Stop Codon starting at position chr14:24879.
 Excluded codons: Stop Codon starting at position chr14:25191.
 Excluded codons: Stop Codon starting at position chr14:27106.
 Excluded codons: Stop Codon starting at position chr14:27223.
 Excluded codons: Stop Codon starting at position chr14:27304.
 Excluded codons: Stop Codon starting at position chr14:27325.
 Excluded codons: Stop Codon starting at position chr14:27397.
 Excluded codons: Stop Codon starting at position chr14:27418.
 Excluded codons: Stop Codon starting at position chr14:27445.
 Excluded codons: Stop Codon starting at position chr14:27448.
 Excluded codons: Stop Codon starting at position chr14:27535.
 Excluded codons: Stop Codon starting at position chr14:27544.
 Excluded codons: Stop Codon starting at position chr14:27778.
 Excluded codons: Stop Codon starting at position chr14:29321.
 Excluded codons: Stop Codon starting at position chr14:29348.
 Excluded codons: Stop Codon starting at position chr14:29381.
 Excluded codons: Stop Codon starting at position chr14:32142.
 Excluded codons: Stop Codon starting at position chr14:32190.
 Excluded codons: Stop Codon starting at position chr14:32208.
 Excluded codons: Stop Codon starting at position chr14:33498.
 Excluded codons: Stop Codon starting at position chr14:34387.
 Excluded codons: Stop Codon starting at position chr14:34402.
 Excluded codons: Stop Codon starting at position chr14:34420.
 Excluded codons: Stop Codon starting at position chr14:34435.
 Excluded codons: Stop Codon starting at position chr14:34471.
 Excluded codons: Stop Codon starting at position chr14:34480.
 Excluded codons: Stop Codon starting at position chr14:34990.
 Excluded codons: Stop Codon starting at position chr14:35014.
 Excluded codons: Stop Codon starting at position chr14:37354.
 Excluded codons: Stop Codon starting at position chr14:38606.
 Excluded codons: Stop Codon starting at position chr14:38624.
 Excluded codons: Stop Codon starting at position chr14:42343.
 Excluded codons: Stop Codon starting at position chr14:42397.
 Excluded codons: Stop Codon starting at position chr14:42403.
 Excluded codons: Stop Codon starting at position chr14:42424.
 Excluded codons: Stop Codon starting at position chr14:42436.
 Excluded codons: Stop Codon starting at position chr14:43505.
 Excluded codons: Stop Codon starting at position chr14:43532.
 Excluded codons: Stop Codon starting at position chr14:43568.
 Excluded codons: Stop Codon starting at position chr14:59148.
 Excluded codons: Stop Codon starting at position chr14:59154.
 Excluded codons: Stop Codon starting at position chr14:59187.
 Excluded codons: Stop Codon starting at position chr14:60057.
 Excluded codons: Stop Codon starting at position chr14:60072.
 Excluded codons: Stop Codon starting at position chr14:60087.
 Excluded codons: Stop Codon starting at position chr14:61607.
 Excluded codons: Stop Codon starting at position chr14:61622.
 Excluded codons: Stop Codon starting at position chr14:61643.
Program Ended
